<?xml version="1.0" encoding="UTF-8"?>
<!-- Generated by org.testng.reporters.JUnitReportReporter -->
<testsuite hostname="DESKTOP-02HTNM8" failures="0" tests="4" name="com.qaautomation.testannotation.FirstTestNGProgram" time="0.009" errors="0" timestamp="2024-01-25T20:00:20 IST" skipped="0">
  <testcase classname="com.qaautomation.testannotation.FirstTestNGProgram" name="v" time="0.001"/>
  <testcase classname="com.qaautomation.testannotation.FirstTestNGProgram" name="c" time="0.001"/>
  <testcase classname="com.qaautomation.testannotation.FirstTestNGProgram" name="f" time="0.001"/>
  <testcase classname="com.qaautomation.testannotation.FirstTestNGProgram" name="a" time="0.006"/>
</testsuite> <!-- com.qaautomation.testannotation.FirstTestNGProgram -->
