<?xml version="1.0" encoding="UTF-8"?>
<!-- Generated by org.testng.reporters.JUnitReportReporter -->
<testsuite hostname="DESKTOP-02HTNM8" failures="0" tests="4" name="com.qaautomation.testannotation.AlphabeticOrder" time="0.010" errors="0" timestamp="2024-01-29T18:08:14 IST" skipped="0">
  <testcase classname="com.qaautomation.testannotation.AlphabeticOrder" name="a" time="0.008"/>
  <testcase classname="com.qaautomation.testannotation.AlphabeticOrder" name="c" time="0.001"/>
  <testcase classname="com.qaautomation.testannotation.AlphabeticOrder" name="f" time="0.001"/>
  <testcase classname="com.qaautomation.testannotation.AlphabeticOrder" name="v" time="0.000"/>
</testsuite> <!-- com.qaautomation.testannotation.AlphabeticOrder -->
