<?xml version="1.0" encoding="UTF-8"?>
<!-- Generated by org.testng.reporters.JUnitReportReporter -->
<testsuite hostname="DESKTOP-02HTNM8" failures="0" tests="6" name="com.qaautomation.testannotation.BankingApplicationAssertion" time="0.024" errors="0" timestamp="2024-01-30T18:10:06 IST" skipped="0">
  <testcase classname="com.qaautomation.testannotation.BankingApplicationAssertion" name="launchApplication" time="0.014"/>
  <testcase classname="com.qaautomation.testannotation.BankingApplicationAssertion" name="loginUser" time="0.001"/>
  <testcase classname="com.qaautomation.testannotation.BankingApplicationAssertion" name="checkSavingAccountBalance" time="0.003"/>
  <testcase classname="com.qaautomation.testannotation.BankingApplicationAssertion" name="checkCurrentAccountBalance" time="0.004"/>
  <testcase classname="com.qaautomation.testannotation.BankingApplicationAssertion" name="logOut" time="0.001"/>
  <testcase classname="com.qaautomation.testannotation.BankingApplicationAssertion" name="closeApplication" time="0.001"/>
</testsuite> <!-- com.qaautomation.testannotation.BankingApplicationAssertion -->
