<?xml version="1.0" encoding="UTF-8"?>
<!-- Generated by org.testng.reporters.JUnitReportReporter -->
<testsuite hostname="DESKTOP-02HTNM8" failures="0" tests="3" name="com.qaautomation.dataprovider.DataProviderTestNG" time="0.010" errors="0" timestamp="2024-01-31T18:59:24 IST" skipped="0">
  <testcase classname="com.qaautomation.dataprovider.DataProviderTestNG" name="registerDemo" time="0.000"/>
  <testcase classname="com.qaautomation.dataprovider.DataProviderTestNG" name="registerDemo" time="0.009"/>
  <testcase classname="com.qaautomation.dataprovider.DataProviderTestNG" name="registerDemo" time="0.001"/>
</testsuite> <!-- com.qaautomation.dataprovider.DataProviderTestNG -->
