<?xml version="1.0" encoding="UTF-8"?>
<!-- Generated by org.testng.reporters.JUnitReportReporter -->
<testsuite hostname="DESKTOP-02HTNM8" failures="0" tests="9" name="com.qaautomation.crossbrowsertesting.SampleThreadProgram" time="0.077" errors="0" timestamp="2024-01-30T18:20:24 IST" skipped="0">
  <testcase classname="com.qaautomation.crossbrowsertesting.SampleThreadProgram" name="testCase6" time="0.009"/>
  <testcase classname="com.qaautomation.crossbrowsertesting.SampleThreadProgram" name="testCase4" time="0.010"/>
  <testcase classname="com.qaautomation.crossbrowsertesting.SampleThreadProgram" name="testCase5" time="0.009"/>
  <testcase classname="com.qaautomation.crossbrowsertesting.SampleThreadProgram" name="testCase3" time="0.010"/>
  <testcase classname="com.qaautomation.crossbrowsertesting.SampleThreadProgram" name="testCase7" time="0.009"/>
  <testcase classname="com.qaautomation.crossbrowsertesting.SampleThreadProgram" name="testCase9" time="0.005"/>
  <testcase classname="com.qaautomation.crossbrowsertesting.SampleThreadProgram" name="testCase1" time="0.010"/>
  <testcase classname="com.qaautomation.crossbrowsertesting.SampleThreadProgram" name="testCase2" time="0.009"/>
  <testcase classname="com.qaautomation.crossbrowsertesting.SampleThreadProgram" name="testCase8" time="0.006"/>
</testsuite> <!-- com.qaautomation.crossbrowsertesting.SampleThreadProgram -->
