<?xml version="1.0" encoding="UTF-8"?>
<!-- Generated by org.testng.reporters.JUnitReportReporter -->
<testsuite hostname="DESKTOP-02HTNM8" failures="0" tests="1" name="com.qaautomation.methodclassannotation.SampleTestCase" time="0.006" errors="0" timestamp="2024-01-29T19:05:07 IST" skipped="0">
  <testcase classname="com.qaautomation.methodclassannotation.SampleTestCase" name="f" time="0.006"/>
</testsuite> <!-- com.qaautomation.methodclassannotation.SampleTestCase -->
