<?xml version="1.0" encoding="UTF-8"?>
<!-- Generated by org.testng.reporters.JUnitReportReporter -->
<testsuite hostname="DESKTOP-02HTNM8" failures="0" tests="7" name="com.qaautomation.testannotation.BankingApplicationSoftDependency" time="0.023" errors="0" timestamp="2024-01-30T18:10:06 IST" skipped="0">
  <testcase classname="com.qaautomation.testannotation.BankingApplicationSoftDependency" name="checkSavingAccountBalance" time="0.003"/>
  <testcase classname="com.qaautomation.testannotation.BankingApplicationSoftDependency" name="checkCurrentAccountBalance" time="0.001"/>
  <testcase classname="com.qaautomation.testannotation.BankingApplicationSoftDependency" name="launchApplication" time="0.014"/>
  <testcase classname="com.qaautomation.testannotation.BankingApplicationSoftDependency" name="tallyAccount" time="0.003"/>
  <testcase classname="com.qaautomation.testannotation.BankingApplicationSoftDependency" name="loginUser" time="0.002"/>
  <testcase classname="com.qaautomation.testannotation.BankingApplicationSoftDependency" name="logOut" time="0.000"/>
  <testcase classname="com.qaautomation.testannotation.BankingApplicationSoftDependency" name="closeApplication" time="0.000"/>
</testsuite> <!-- com.qaautomation.testannotation.BankingApplicationSoftDependency -->
