<?xml version="1.0" encoding="UTF-8"?>
<!-- Generated by org.testng.reporters.JUnitReportReporter -->
<testsuite hostname="DESKTOP-02HTNM8" failures="0" tests="9" name="com.qaautomation.crossbrowsertesting.RegisterDemoFlow" time="21.318" errors="1" timestamp="2024-01-30T18:07:41 IST" skipped="0">
  <testcase classname="com.qaautomation.crossbrowsertesting.RegisterDemoFlow" name="navigateToRegisterDemoPage" time="4.052">
    <system-out>
      <![CDATA[Register Demo page is displayed]]>
    </system-out>
  </testcase> <!-- navigateToRegisterDemoPage -->
  <testcase classname="com.qaautomation.crossbrowsertesting.RegisterDemoFlow" name="navigateToRegisterDemoPage" time="2.622">
    <system-out>
      <![CDATA[Register Demo page is displayed]]>
    </system-out>
  </testcase> <!-- navigateToRegisterDemoPage -->
  <testcase classname="com.qaautomation.crossbrowsertesting.RegisterDemoFlow" name="navigateToRegisterDemoPage" time="2.619">
    <system-out>
      <![CDATA[Register Demo page is displayed]]>
    </system-out>
  </testcase> <!-- navigateToRegisterDemoPage -->
  <testcase classname="com.qaautomation.crossbrowsertesting.RegisterDemoFlow" name="registerDemo" time="5.140">
    <system-out>
      <![CDATA[Title is displayed
Actual and Expected Registration Form Titles are same
The Registration Form Title is Register For Demo
First Name is Displayed
First Name is Enabled
First Name Value is: Vinoth
Last Name is Displayed
Last Name is Enabled
Last Name Value is: R
Male Radio Button is Displayed
Male Radio Button is selected
Street Address is Displayed
Street Address is Enabled
Street Address Value is: Saravana Flats
Apartment Number is Displayed
Apartment Number is Enabled
Apartment Number Value is : S1
City Name is Displayed
City Name is Enabled
City Name Value is : Chennai
State is Displayed
State is Enabled
State Value is : Tamil Nadu
Postal Code is Displayed
Postal Code is Enabled
Postal Code Value is : 600100
Country Drop Down is Displayed
Country Drop Down is Enabled
Country Drop Down Value is : India
Email is Displayed
Email is Enabled
Email Id is: vinothrwins@gmail.com
Date of Demo is Displayed
Date of Demo is Enabled
Date of Demo Value is : 01/27/2024
Hour DropDown is Displayed
Hour DropDown is Enabled
Hour dropdown value is: 09
Minute DropDown is Displayed
Minute DropDown is Enabled
Minute Drop Down Value is : 30
Mobile Number is Displayed
Mobile Number is Enabled
Mobile Number Value is : 6383544892
UFT Check Box is Displayed
UFT Check Box is Enabled
UFT Check Box is not selected
UFT Check Box is selected
Selenium WebDriver Check Box is Displayed
Selenium WebDriver Check Box is Enabled
Selenium WebDriver Check Box is not selected
Selenium WebDriver Check Box is Selected
Enter Your Query is Displayed
Enter Your Query is Enabled
Enter Your Query is: What is the duration for selenium training?
Enter Any Two Digits is Displayed
Enter Any Two Digits is Enabled
Enter Any Two Digits is: 99
Submit button is Displayed
Submit Button is Clicked]]>
    </system-out>
  </testcase> <!-- registerDemo -->
  <testcase classname="com.qaautomation.crossbrowsertesting.RegisterDemoFlow" name="registerDemo" time="1.186">
    <error message="Element &lt;option&gt; could not be scrolled into view
Build info: version: &#039;3.141.59&#039;, revision: &#039;e82be7d358&#039;, time: &#039;2018-11-14T08:17:03&#039;
System info: host: &#039;DESKTOP-02HTNM8&#039;, ip: &#039;192.168.1.8&#039;, os.name: &#039;Windows 11&#039;, os.arch: &#039;x86&#039;, os.version: &#039;10.0&#039;, java.version: &#039;11.0.21&#039;
Driver info: org.openqa.selenium.firefox.FirefoxDriver
Capabilities {acceptInsecureCerts: true, browserName: firefox, browserVersion: 122.0, javascriptEnabled: true, moz:accessibilityChecks: false, moz:buildID: 20240118164516, moz:geckodriverVersion: 0.34.0, moz:headless: false, moz:platformVersion: 10.0, moz:processID: 12432, moz:profile: C:\Users\Vinoth\AppData\Loc..., moz:shutdownTimeout: 60000, moz:webdriverClick: true, moz:windowless: false, pageLoadStrategy: normal, platform: WINDOWS, platformName: WINDOWS, proxy: Proxy(), setWindowRect: true, strictFileInteractability: false, timeouts: {implicit: 0, pageLoad: 300000, script: 30000}, unhandledPromptBehavior: dismiss and notify}
Session ID: 30acb58e-b03e-4de2-affe-2f3e472c8fa4" type="org.openqa.selenium.ElementNotInteractableException">
      <![CDATA[org.openqa.selenium.ElementNotInteractableException: Element <option> could not be scrolled into view
Build info: version: '3.141.59', revision: 'e82be7d358', time: '2018-11-14T08:17:03'
System info: host: 'DESKTOP-02HTNM8', ip: '192.168.1.8', os.name: 'Windows 11', os.arch: 'x86', os.version: '10.0', java.version: '11.0.21'
Driver info: org.openqa.selenium.firefox.FirefoxDriver
Capabilities {acceptInsecureCerts: true, browserName: firefox, browserVersion: 122.0, javascriptEnabled: true, moz:accessibilityChecks: false, moz:buildID: 20240118164516, moz:geckodriverVersion: 0.34.0, moz:headless: false, moz:platformVersion: 10.0, moz:processID: 12432, moz:profile: C:\Users\Vinoth\AppData\Loc..., moz:shutdownTimeout: 60000, moz:webdriverClick: true, moz:windowless: false, pageLoadStrategy: normal, platform: WINDOWS, platformName: WINDOWS, proxy: Proxy(), setWindowRect: true, strictFileInteractability: false, timeouts: {implicit: 0, pageLoad: 300000, script: 30000}, unhandledPromptBehavior: dismiss and notify}
Session ID: 30acb58e-b03e-4de2-affe-2f3e472c8fa4
at java.base/jdk.internal.reflect.NativeConstructorAccessorImpl.newInstance0(Native Method)
at java.base/jdk.internal.reflect.NativeConstructorAccessorImpl.newInstance(NativeConstructorAccessorImpl.java:62)
at java.base/jdk.internal.reflect.DelegatingConstructorAccessorImpl.newInstance(DelegatingConstructorAccessorImpl.java:45)
at java.base/java.lang.reflect.Constructor.newInstance(Constructor.java:490)
at org.openqa.selenium.remote.http.W3CHttpResponseCodec.createException(W3CHttpResponseCodec.java:187)
at org.openqa.selenium.remote.http.W3CHttpResponseCodec.decode(W3CHttpResponseCodec.java:122)
at org.openqa.selenium.remote.http.W3CHttpResponseCodec.decode(W3CHttpResponseCodec.java:49)
at org.openqa.selenium.remote.HttpCommandExecutor.execute(HttpCommandExecutor.java:158)
at org.openqa.selenium.remote.service.DriverCommandExecutor.execute(DriverCommandExecutor.java:83)
at org.openqa.selenium.remote.RemoteWebDriver.execute(RemoteWebDriver.java:552)
at org.openqa.selenium.remote.RemoteWebElement.execute(RemoteWebElement.java:285)
at org.openqa.selenium.remote.RemoteWebElement.click(RemoteWebElement.java:84)
at org.openqa.selenium.support.ui.Select.setSelected(Select.java:311)
at org.openqa.selenium.support.ui.Select.selectByVisibleText(Select.java:116)
at com.qaautomation.crossbrowsertesting.RegisterDemoFlow.registerDemo(RegisterDemoFlow.java:296)
at java.base/jdk.internal.reflect.NativeMethodAccessorImpl.invoke0(Native Method)
at java.base/jdk.internal.reflect.NativeMethodAccessorImpl.invoke(NativeMethodAccessorImpl.java:62)
at java.base/jdk.internal.reflect.DelegatingMethodAccessorImpl.invoke(DelegatingMethodAccessorImpl.java:43)
at java.base/java.lang.reflect.Method.invoke(Method.java:566)
at org.testng.internal.invokers.MethodInvocationHelper.invokeMethod(MethodInvocationHelper.java:139)
at org.testng.internal.invokers.TestInvoker.invokeMethod(TestInvoker.java:664)
at org.testng.internal.invokers.TestInvoker.invokeTestMethod(TestInvoker.java:227)
at org.testng.internal.invokers.MethodRunner.runInSequence(MethodRunner.java:50)
at org.testng.internal.invokers.TestInvoker$MethodInvocationAgent.invoke(TestInvoker.java:957)
at org.testng.internal.invokers.TestInvoker.invokeTestMethods(TestInvoker.java:200)
at org.testng.internal.invokers.TestMethodWorker.invokeTestMethods(TestMethodWorker.java:148)
at org.testng.internal.invokers.TestMethodWorker.run(TestMethodWorker.java:128)
at java.base/java.util.ArrayList.forEach(ArrayList.java:1541)
at org.testng.TestRunner.privateRun(TestRunner.java:848)
at org.testng.TestRunner.run(TestRunner.java:621)
at org.testng.SuiteRunner.runTest(SuiteRunner.java:443)
at org.testng.SuiteRunner$SuiteWorker.run(SuiteRunner.java:481)
at org.testng.internal.thread.ThreadUtil.lambda$execute$0(ThreadUtil.java:58)
at java.base/java.util.concurrent.FutureTask.run(FutureTask.java:264)
at java.base/java.util.concurrent.ThreadPoolExecutor.runWorker(ThreadPoolExecutor.java:1128)
at java.base/java.util.concurrent.ThreadPoolExecutor$Worker.run(ThreadPoolExecutor.java:628)
at java.base/java.lang.Thread.run(Thread.java:829)
]]>
    </error>
    <system-out>
      <![CDATA[Title is displayed
Actual and Expected Registration Form Titles are same
The Registration Form Title is Register For Demo
First Name is Displayed
First Name is Enabled
First Name Value is: Vinoth
Last Name is Displayed
Last Name is Enabled
Last Name Value is: R
Male Radio Button is Displayed
Male Radio Button is selected
Street Address is Displayed
Street Address is Enabled
Street Address Value is: Saravana Flats
Apartment Number is Displayed
Apartment Number is Enabled
Apartment Number Value is : S1
City Name is Displayed
City Name is Enabled
City Name Value is : Chennai
State is Displayed
State is Enabled
State Value is : Tamil Nadu
Postal Code is Displayed
Postal Code is Enabled
Postal Code Value is : 600100
Country Drop Down is Displayed
Country Drop Down is Enabled]]>
    </system-out>
  </testcase> <!-- registerDemo -->
  <testcase classname="com.qaautomation.crossbrowsertesting.RegisterDemoFlow" name="registerDemo" time="5.308">
    <system-out>
      <![CDATA[Title is displayed
Actual and Expected Registration Form Titles are same
The Registration Form Title is Register For Demo
First Name is Displayed
First Name is Enabled
First Name Value is: Vinoth
Last Name is Displayed
Last Name is Enabled
Last Name Value is: R
Male Radio Button is Displayed
Male Radio Button is selected
Street Address is Displayed
Street Address is Enabled
Street Address Value is: Saravana Flats
Apartment Number is Displayed
Apartment Number is Enabled
Apartment Number Value is : S1
City Name is Displayed
City Name is Enabled
City Name Value is : Chennai
State is Displayed
State is Enabled
State Value is : Tamil Nadu
Postal Code is Displayed
Postal Code is Enabled
Postal Code Value is : 600100
Country Drop Down is Displayed
Country Drop Down is Enabled
Country Drop Down Value is : India
Email is Displayed
Email is Enabled
Email Id is: vinothrwins@gmail.com
Date of Demo is Displayed
Date of Demo is Enabled
Date of Demo Value is : 01/27/2024
Hour DropDown is Displayed
Hour DropDown is Enabled
Hour dropdown value is: 09
Minute DropDown is Displayed
Minute DropDown is Enabled
Minute Drop Down Value is : 30
Mobile Number is Displayed
Mobile Number is Enabled
Mobile Number Value is : 6383544892
UFT Check Box is Displayed
UFT Check Box is Enabled
UFT Check Box is not selected
UFT Check Box is selected
Selenium WebDriver Check Box is Displayed
Selenium WebDriver Check Box is Enabled
Selenium WebDriver Check Box is not selected
Selenium WebDriver Check Box is Selected
Enter Your Query is Displayed
Enter Your Query is Enabled
Enter Your Query is: What is the duration for selenium training?
Enter Any Two Digits is Displayed
Enter Any Two Digits is Enabled
Enter Any Two Digits is: 99
Submit button is Displayed
Submit Button is Clicked]]>
    </system-out>
  </testcase> <!-- registerDemo -->
  <testcase classname="com.qaautomation.crossbrowsertesting.RegisterDemoFlow" name="validateSuccessfulMessage" time="0.070">
    <system-out>
      <![CDATA[Successful Message Text is Displayed
Actual and expected Successful Msg Text are the same
The Successful Message Text is : Registration Form is Successfully Submitted. The Transaction ID : NXTGEN81666
Transaction ID : NXTGEN81666]]>
    </system-out>
  </testcase> <!-- validateSuccessfulMessage -->
  <testcase classname="com.qaautomation.crossbrowsertesting.RegisterDemoFlow" name="validateSuccessfulMessage" time="0.061">
    <system-out>
      <![CDATA[Successful Message Text is Displayed
Actual and expected Successful Msg Text are the same
The Successful Message Text is : Registration Form is Successfully Submitted. The Transaction ID : NXTGEN40712
Transaction ID : NXTGEN40712]]>
    </system-out>
  </testcase> <!-- validateSuccessfulMessage -->
  <testcase classname="com.qaautomation.crossbrowsertesting.RegisterDemoFlow" name="validateSuccessfulMessage" time="0.260">
    <system-out>
      <![CDATA[Successful Message Text is Displayed
Actual and expected Successful Msg Text are not same
Actual Text is : st Name *
Gender *
Male
Female
Other
Address
Street Address
Apt, Suite, Bldg. (optional)
City
State / Province / Region
Postal / Zip Code
Afghanistan
Albania
Algeria
Andorra
Angola
Antigua and Barbuda
Argentina
Armenia
Australia
Austria
Azerbaijan
Bahamas
Bahrain
Bangladesh
Barbados
Belarus
Belgium
Belize
Benin
Bhutan
Bolivia
Bosnia and Herzegovina
Botswana
Brazil
Brunei
Bulgaria
Burkina Faso
Burundi
Cambodia
Cameroon
Canada
Cape Verde
Central African Republic
Chad
Chile
China
Colombia
Comoros
Congo (Brazzaville)
Congo
Costa Rica
Cote d\'Ivoire
Croatia
Cuba
Cyprus
Czech Republic
Denmark
Djibouti
Dominica
Dominican Republic
East Timor (Timor Timur)
Ecuador
Egypt
El Salvador
Equatorial Guinea
Eritrea
Estonia
Ethiopia
Fiji
Finland
France
Gabon
Gambia, The
Georgia
Germany
Ghana
Greece
Grenada
Guatemala
Guinea
Guinea-Bissau
Guyana
Haiti
Honduras
Hungary
Iceland
India
Indonesia
Iran
Iraq
Ireland
Israel
Italy
Jamaica
Japan
Jordan
Kazakhstan
Kenya
Kiribati
Korea, North
Korea, South
Kuwait
Kyrgyzstan
Laos
Latvia
Lebanon
Lesotho
Liberia
Libya
Liechtenstein
Lithuania
Luxembourg
Macedonia
Madagascar
Malawi
Malaysia
Maldives
Mali
Malta
Marshall Islands
Mauritania
Mauritius
Mexico
Micronesia
Moldova
Monaco
Mongolia
Montenegro
Morocco
Mozambique
Myanmar
Namibia
Nauru
Nepal
Netherlands
New Zealand
Nicaragua
Niger
Nigeria
Norway
Oman
Pakistan
Palestinian Territory
Palau
Panama
Papua New Guinea
Paraguay
Peru
Philippines
Poland
Portugal
Qatar
Romania
Russia
Rwanda
Saint Kitts and Nevis
Saint Lucia
Saint Vincent
Samoa
San Marino
Sao Tome and Principe
Saudi Arabia
Senegal
Serbia
Seychelles
Sierra Leone
Singapore
Slovakia
Slovenia
Solomon Islands
Somalia
South Africa
Spain
Sri Lanka
Sudan
Suriname
Swaziland
Sweden
Switzerland
Syria
Taiwan
Tajikistan
Tanzania
Thailand
Togo
Tonga
Trinidad and Tobago
Tunisia
Turkey
Turkmenistan
Tuvalu
Uganda
Ukraine
United Arab Emirates
United Kingdom
United States of America
Uruguay
Uzbekistan
Vanuatu
Vatican City
Venezuela
Vietnam
Western Sahara
Western Samoa
Yemen
Zambia
Zimbabwe
Country
Email *
Date of Demo
Enter in MM/DD/YY Format
Convenient Time
00
01
02
03
04
05
06
07
08
09
10
11
12
13
14
15
16
17
18
19
20
21
22
23
00
HH
00
05
10
15
20
25
30
35
40
45
50
55
00
MM
Mobile Number
Course Interested
Selenium WebDriver
Java
TestNG
DevOps
Functional Testing
Others
Enter your query
 Verification
Please enter two digits as displayed in Example *
Example: 99
Expected Text is : Registration Form is Successfully Submitted.]]>
    </system-out>
  </testcase> <!-- validateSuccessfulMessage -->
  <system-out>
    <![CDATA[Application is launched successfully
Application is launched successfully
Register Demo page is displayed
Title is displayed
Actual and Expected Registration Form Titles are same
The Registration Form Title is Register For Demo
First Name is Displayed
First Name is Enabled
Register Demo page is displayed
First Name Value is: Vinoth
Title is displayed
Last Name is Displayed
Actual and Expected Registration Form Titles are same
The Registration Form Title is Register For Demo
Last Name is Enabled
First Name is Displayed
First Name is Enabled
Last Name Value is: R
First Name Value is: Vinoth
Male Radio Button is Displayed
Last Name is Displayed
Last Name is Enabled
Male Radio Button is selected
Street Address is Displayed
Last Name Value is: R
Street Address is Enabled
Application is launched successfully
Male Radio Button is Displayed
Street Address Value is: Saravana Flats
Apartment Number is Displayed
Apartment Number is Enabled
Male Radio Button is selected
Street Address is Displayed
Apartment Number Value is : S1
Street Address is Enabled
City Name is Displayed
City Name is Enabled
Street Address Value is: Saravana Flats
City Name Value is : Chennai
Apartment Number is Displayed
Apartment Number is Enabled
State is Displayed
Apartment Number Value is : S1
State is Enabled
City Name is Displayed
City Name is Enabled
State Value is : Tamil Nadu
City Name Value is : Chennai
Postal Code is Displayed
Postal Code is Enabled
State is Displayed
State is Enabled
Postal Code Value is : 600100
State Value is : Tamil Nadu
Country Drop Down is Displayed
Country Drop Down is Enabled
Postal Code is Displayed
Postal Code is Enabled
Postal Code Value is : 600100
Country Drop Down is Displayed
Country Drop Down Value is : India
Country Drop Down is Enabled
Email is Displayed
Email is Enabled
Country Drop Down Value is : India
Email Id is: vinothrwins@gmail.com
Email is Displayed
Email is Enabled
Date of Demo is Displayed
Date of Demo is Enabled
Email Id is: vinothrwins@gmail.com
Date of Demo is Displayed
Date of Demo is Enabled
Date of Demo Value is : 01/27/2024
Date of Demo Value is : 01/27/2024
Hour DropDown is Displayed
Hour DropDown is Enabled
Hour DropDown is Displayed
Hour DropDown is Enabled
Hour dropdown value is: 09
Minute DropDown is Displayed
Minute DropDown is Enabled
Hour dropdown value is: 09
Minute DropDown is Displayed
Minute DropDown is Enabled
Minute Drop Down Value is : 30
Minute Drop Down Value is : 30
Mobile Number is Displayed
Mobile Number is Enabled
Mobile Number is Displayed
Mobile Number is Enabled
Mobile Number Value is : 6383544892
Mobile Number Value is : 6383544892
UFT Check Box is Displayed
UFT Check Box is Enabled
UFT Check Box is not selected
UFT Check Box is Displayed
UFT Check Box is Enabled
UFT Check Box is not selected
UFT Check Box is selected
UFT Check Box is selected
Selenium WebDriver Check Box is Displayed
Selenium WebDriver Check Box is Enabled
Selenium WebDriver Check Box is not selected
Selenium WebDriver Check Box is Displayed
Selenium WebDriver Check Box is Enabled
Selenium WebDriver Check Box is not selected
Selenium WebDriver Check Box is Selected
Selenium WebDriver Check Box is Selected
Enter Your Query is Displayed
Enter Your Query is Enabled
Enter Your Query is Displayed
Enter Your Query is Enabled
Enter Your Query is: What is the duration for selenium training?
Enter Your Query is: What is the duration for selenium training?
Enter Any Two Digits is Displayed
Enter Any Two Digits is Enabled
Enter Any Two Digits is Displayed
Enter Any Two Digits is Enabled
Enter Any Two Digits is: 99
Enter Any Two Digits is: 99
Submit button is Displayed
Submit button is Displayed
Register Demo page is displayed
Title is displayed
Actual and Expected Registration Form Titles are same
The Registration Form Title is Register For Demo
First Name is Displayed
First Name is Enabled
First Name Value is: Vinoth
Last Name is Displayed
Last Name is Enabled
Last Name Value is: R
Male Radio Button is Displayed
Submit Button is Clicked
Successful Message Text is Displayed
Submit Button is Clicked
Actual and expected Successful Msg Text are the same
The Successful Message Text is : Registration Form is Successfully Submitted. The Transaction ID : NXTGEN40712
Transaction ID : NXTGEN40712
Male Radio Button is selected
Successful Message Text is Displayed
Street Address is Displayed
Street Address is Enabled
Actual and expected Successful Msg Text are the same
The Successful Message Text is : Registration Form is Successfully Submitted. The Transaction ID : NXTGEN81666
Transaction ID : NXTGEN81666
Street Address Value is: Saravana Flats
Apartment Number is Displayed
Apartment Number is Enabled
Apartment Number Value is : S1
City Name is Displayed
City Name is Enabled
City Name Value is : Chennai
Application is closed
State is Displayed
Application is closed
State is Enabled
State Value is : Tamil Nadu
Postal Code is Displayed
Postal Code is Enabled
Postal Code Value is : 600100
Country Drop Down is Displayed
Country Drop Down is Enabled
Successful Message Text is Displayed
Actual and expected Successful Msg Text are not same
Actual Text is : st Name *
Gender *
Male
Female
Other
Address
Street Address
Apt, Suite, Bldg. (optional)
City
State / Province / Region
Postal / Zip Code
Afghanistan
Albania
Algeria
Andorra
Angola
Antigua and Barbuda
Argentina
Armenia
Australia
Austria
Azerbaijan
Bahamas
Bahrain
Bangladesh
Barbados
Belarus
Belgium
Belize
Benin
Bhutan
Bolivia
Bosnia and Herzegovina
Botswana
Brazil
Brunei
Bulgaria
Burkina Faso
Burundi
Cambodia
Cameroon
Canada
Cape Verde
Central African Republic
Chad
Chile
China
Colombia
Comoros
Congo (Brazzaville)
Congo
Costa Rica
Cote d\'Ivoire
Croatia
Cuba
Cyprus
Czech Republic
Denmark
Djibouti
Dominica
Dominican Republic
East Timor (Timor Timur)
Ecuador
Egypt
El Salvador
Equatorial Guinea
Eritrea
Estonia
Ethiopia
Fiji
Finland
France
Gabon
Gambia, The
Georgia
Germany
Ghana
Greece
Grenada
Guatemala
Guinea
Guinea-Bissau
Guyana
Haiti
Honduras
Hungary
Iceland
India
Indonesia
Iran
Iraq
Ireland
Israel
Italy
Jamaica
Japan
Jordan
Kazakhstan
Kenya
Kiribati
Korea, North
Korea, South
Kuwait
Kyrgyzstan
Laos
Latvia
Lebanon
Lesotho
Liberia
Libya
Liechtenstein
Lithuania
Luxembourg
Macedonia
Madagascar
Malawi
Malaysia
Maldives
Mali
Malta
Marshall Islands
Mauritania
Mauritius
Mexico
Micronesia
Moldova
Monaco
Mongolia
Montenegro
Morocco
Mozambique
Myanmar
Namibia
Nauru
Nepal
Netherlands
New Zealand
Nicaragua
Niger
Nigeria
Norway
Oman
Pakistan
Palestinian Territory
Palau
Panama
Papua New Guinea
Paraguay
Peru
Philippines
Poland
Portugal
Qatar
Romania
Russia
Rwanda
Saint Kitts and Nevis
Saint Lucia
Saint Vincent
Samoa
San Marino
Sao Tome and Principe
Saudi Arabia
Senegal
Serbia
Seychelles
Sierra Leone
Singapore
Slovakia
Slovenia
Solomon Islands
Somalia
South Africa
Spain
Sri Lanka
Sudan
Suriname
Swaziland
Sweden
Switzerland
Syria
Taiwan
Tajikistan
Tanzania
Thailand
Togo
Tonga
Trinidad and Tobago
Tunisia
Turkey
Turkmenistan
Tuvalu
Uganda
Ukraine
United Arab Emirates
United Kingdom
United States of America
Uruguay
Uzbekistan
Vanuatu
Vatican City
Venezuela
Vietnam
Western Sahara
Western Samoa
Yemen
Zambia
Zimbabwe
Country
Email *
Date of Demo
Enter in MM/DD/YY Format
Convenient Time
00
01
02
03
04
05
06
07
08
09
10
11
12
13
14
15
16
17
18
19
20
21
22
23
00
HH
00
05
10
15
20
25
30
35
40
45
50
55
00
MM
Mobile Number
Course Interested
Selenium WebDriver
Java
TestNG
DevOps
Functional Testing
Others
Enter your query
 Verification
Please enter two digits as displayed in Example *
Example: 99
Expected Text is : Registration Form is Successfully Submitted.
Application is closed]]>
  </system-out>
</testsuite> <!-- com.qaautomation.crossbrowsertesting.RegisterDemoFlow -->
