<?xml version="1.0" encoding="UTF-8"?>
<!-- Generated by org.testng.reporters.JUnitReportReporter -->
<testsuite hostname="DESKTOP-02HTNM8" failures="0" tests="15" name="com.qaautomaton.testsuiteannotation.BookAppointmentSuiteAnnotation" time="0.015" errors="0" timestamp="2024-01-30T20:48:18 IST" skipped="0">
  <testcase classname="com.qaautomaton.testsuiteannotation.BookAppointmentSuiteAnnotation" name="login" time="0.001"/>
  <testcase classname="com.qaautomaton.testsuiteannotation.BookAppointmentSuiteAnnotation" name="login" time="0.003"/>
  <testcase classname="com.qaautomaton.testsuiteannotation.BookAppointmentSuiteAnnotation" name="login" time="0.001"/>
  <testcase classname="com.qaautomaton.testsuiteannotation.BookAppointmentSuiteAnnotation" name="consultDoctor" time="0.001"/>
  <testcase classname="com.qaautomaton.testsuiteannotation.BookAppointmentSuiteAnnotation" name="consultDoctor" time="0.000"/>
  <testcase classname="com.qaautomaton.testsuiteannotation.BookAppointmentSuiteAnnotation" name="consultDoctor" time="0.000"/>
  <testcase classname="com.qaautomaton.testsuiteannotation.BookAppointmentSuiteAnnotation" name="prescribeMedicine" time="0.002"/>
  <testcase classname="com.qaautomaton.testsuiteannotation.BookAppointmentSuiteAnnotation" name="prescribeMedicine" time="0.002"/>
  <testcase classname="com.qaautomaton.testsuiteannotation.BookAppointmentSuiteAnnotation" name="prescribeMedicine" time="0.001"/>
  <testcase classname="com.qaautomaton.testsuiteannotation.BookAppointmentSuiteAnnotation" name="payMedicalBill" time="0.000"/>
  <testcase classname="com.qaautomaton.testsuiteannotation.BookAppointmentSuiteAnnotation" name="payMedicalBill" time="0.001"/>
  <testcase classname="com.qaautomaton.testsuiteannotation.BookAppointmentSuiteAnnotation" name="payMedicalBill" time="0.001"/>
  <testcase classname="com.qaautomaton.testsuiteannotation.BookAppointmentSuiteAnnotation" name="logout" time="0.001"/>
  <testcase classname="com.qaautomaton.testsuiteannotation.BookAppointmentSuiteAnnotation" name="logout" time="0.000"/>
  <testcase classname="com.qaautomaton.testsuiteannotation.BookAppointmentSuiteAnnotation" name="logout" time="0.001"/>
</testsuite> <!-- com.qaautomaton.testsuiteannotation.BookAppointmentSuiteAnnotation -->
