<?xml version="1.0" encoding="UTF-8"?>
<!-- Generated by org.testng.reporters.JUnitReportReporter -->
<testsuite hostname="DESKTOP-02HTNM8" failures="0" tests="5" name="com.qaautomation.registerdemo.RegisterDemoFlow" time="16.336" errors="0" timestamp="2024-02-02T19:37:18 IST" skipped="0">
  <testcase classname="com.qaautomation.registerdemo.RegisterDemoFlow" name="launchApplication" time="9.093">
    <system-out>
      <![CDATA[Application is launched successfully]]>
    </system-out>
  </testcase> <!-- launchApplication -->
  <testcase classname="com.qaautomation.registerdemo.RegisterDemoFlow" name="navigateToRegisterDemoPage" time="2.514">
    <system-out>
      <![CDATA[Register Demo page is displayed]]>
    </system-out>
  </testcase> <!-- navigateToRegisterDemoPage -->
  <testcase classname="com.qaautomation.registerdemo.RegisterDemoFlow" name="registerDemo" time="4.519">
    <system-out>
      <![CDATA[Title is displayed
Actual and Expected Registration Form Titles are same
The Registration Form Title is Register For Demo
First Name is Displayed
First Name is Enabled
First Name Value is: Vinoth
Last Name is Displayed
Last Name is Enabled
Last Name Value is: R
Male Radio Button is Displayed
Male Radio Button is selected
Street Address is Displayed
Street Address is Enabled
Street Address Value is: Saravana Flats
Apartment Number is Displayed
Apartment Number is Enabled
Apartment Number Value is : S1
City Name is Displayed
City Name is Enabled
City Name Value is : Chennai
State is Displayed
State is Enabled
State Value is : Tamil Nadu
Postal Code is Displayed
Postal Code is Enabled
Postal Code Value is : 600100
Country Drop Down is Displayed
Country Drop Down is Enabled
Country Drop Down Value is : India
Email is Displayed
Email is Enabled
Email Id is: vinothrwins@gmail.com
Date of Demo is Displayed
Date of Demo is Enabled
Date of Demo Value is : 01/27/2024
Hour DropDown is Displayed
Hour DropDown is Enabled
Hour dropdown value is: 09
Minute DropDown is Displayed
Minute DropDown is Enabled
Minute Drop Down Value is : 30
Mobile Number is Displayed
Mobile Number is Enabled
Mobile Number Value is : 6383544892
UFT Check Box is Displayed
UFT Check Box is Enabled
UFT Check Box is not selected
UFT Check Box is selected
Selenium WebDriver Check Box is Displayed
Selenium WebDriver Check Box is Enabled
Selenium WebDriver Check Box is not selected
Selenium WebDriver Check Box is Selected
Enter Your Query is Displayed
Enter Your Query is Enabled
Enter Your Query is: What is the duration for selenium training?
Enter Any Two Digits is Displayed
Enter Any Two Digits is Enabled
Enter Any Two Digits is: 99
Submit button is Displayed
Submit Button is Clicked]]>
    </system-out>
  </testcase> <!-- registerDemo -->
  <testcase classname="com.qaautomation.registerdemo.RegisterDemoFlow" name="validateSuccessfulMessage" time="0.062">
    <system-out>
      <![CDATA[Successful Message Text is Displayed
Actual and expected Successful Msg Text are the same
The Successful Message Text is : Registration Form is Successfully Submitted. The Transaction ID : NXTGEN3533
Transaction ID : NXTGEN3533]]>
    </system-out>
  </testcase> <!-- validateSuccessfulMessage -->
  <testcase classname="com.qaautomation.registerdemo.RegisterDemoFlow" name="closeApplication" time="0.148">
    <system-out>
      <![CDATA[Application is closed]]>
    </system-out>
  </testcase> <!-- closeApplication -->
  <system-out>
    <![CDATA[Application is launched successfully
Register Demo page is displayed
Title is displayed
Actual and Expected Registration Form Titles are same
The Registration Form Title is Register For Demo
First Name is Displayed
First Name is Enabled
First Name Value is: Vinoth
Last Name is Displayed
Last Name is Enabled
Last Name Value is: R
Male Radio Button is Displayed
Male Radio Button is selected
Street Address is Displayed
Street Address is Enabled
Street Address Value is: Saravana Flats
Apartment Number is Displayed
Apartment Number is Enabled
Apartment Number Value is : S1
City Name is Displayed
City Name is Enabled
City Name Value is : Chennai
State is Displayed
State is Enabled
State Value is : Tamil Nadu
Postal Code is Displayed
Postal Code is Enabled
Postal Code Value is : 600100
Country Drop Down is Displayed
Country Drop Down is Enabled
Country Drop Down Value is : India
Email is Displayed
Email is Enabled
Email Id is: vinothrwins@gmail.com
Date of Demo is Displayed
Date of Demo is Enabled
Date of Demo Value is : 01/27/2024
Hour DropDown is Displayed
Hour DropDown is Enabled
Hour dropdown value is: 09
Minute DropDown is Displayed
Minute DropDown is Enabled
Minute Drop Down Value is : 30
Mobile Number is Displayed
Mobile Number is Enabled
Mobile Number Value is : 6383544892
UFT Check Box is Displayed
UFT Check Box is Enabled
UFT Check Box is not selected
UFT Check Box is selected
Selenium WebDriver Check Box is Displayed
Selenium WebDriver Check Box is Enabled
Selenium WebDriver Check Box is not selected
Selenium WebDriver Check Box is Selected
Enter Your Query is Displayed
Enter Your Query is Enabled
Enter Your Query is: What is the duration for selenium training?
Enter Any Two Digits is Displayed
Enter Any Two Digits is Enabled
Enter Any Two Digits is: 99
Submit button is Displayed
Submit Button is Clicked
Successful Message Text is Displayed
Actual and expected Successful Msg Text are the same
The Successful Message Text is : Registration Form is Successfully Submitted. The Transaction ID : NXTGEN3533
Transaction ID : NXTGEN3533
Application is closed]]>
  </system-out>
</testsuite> <!-- com.qaautomation.registerdemo.RegisterDemoFlow -->
