<?xml version="1.0" encoding="UTF-8"?>
<!-- Generated by org.testng.reporters.JUnitReportReporter -->
<testsuite hostname="DESKTOP-02HTNM8" failures="0" tests="4" name="com.qaautomation.methodclassannotation.ScreenNavigationClass" time="0.017" errors="0" timestamp="2024-01-30T18:10:06 IST" skipped="0">
  <testcase classname="com.qaautomation.methodclassannotation.ScreenNavigationClass" name="navigateToRegisterDemoPage" time="0.009"/>
  <testcase classname="com.qaautomation.methodclassannotation.ScreenNavigationClass" name="navigateToMultiBrowserPage" time="0.004"/>
  <testcase classname="com.qaautomation.methodclassannotation.ScreenNavigationClass" name="navigateToPopUpPage" time="0.003"/>
  <testcase classname="com.qaautomation.methodclassannotation.ScreenNavigationClass" name="navigateToWebTablePage" time="0.001"/>
</testsuite> <!-- com.qaautomation.methodclassannotation.ScreenNavigationClass -->
