<?xml version="1.0" encoding="UTF-8"?>
<!-- Generated by org.testng.reporters.JUnitReportReporter -->
<testsuite hostname="DESKTOP-02HTNM8" failures="0" tests="3" name="com.qaautomation.crossbrowsertesting.MultiBrowser" time="0.009" errors="0" timestamp="2024-01-29T20:21:52 IST" skipped="0">
  <testcase classname="com.qaautomation.crossbrowsertesting.MultiBrowser" name="sampleTestCase" time="0.006"/>
  <testcase classname="com.qaautomation.crossbrowsertesting.MultiBrowser" name="sampleTestCase" time="0.002"/>
  <testcase classname="com.qaautomation.crossbrowsertesting.MultiBrowser" name="sampleTestCase" time="0.001"/>
</testsuite> <!-- com.qaautomation.crossbrowsertesting.MultiBrowser -->
