<?xml version="1.0" encoding="UTF-8"?>
<!-- Generated by org.testng.reporters.JUnitReportReporter -->
<testsuite hostname="DESKTOP-02HTNM8" failures="0" tests="15" name="com.qaautomaton.testsuiteannotation.BookAppointmentTestAnnotation" time="0.025" errors="0" timestamp="2024-01-30T20:33:20 IST" skipped="0">
  <testcase classname="com.qaautomaton.testsuiteannotation.BookAppointmentTestAnnotation" name="login" time="0.004"/>
  <testcase classname="com.qaautomaton.testsuiteannotation.BookAppointmentTestAnnotation" name="login" time="0.001"/>
  <testcase classname="com.qaautomaton.testsuiteannotation.BookAppointmentTestAnnotation" name="login" time="0.001"/>
  <testcase classname="com.qaautomaton.testsuiteannotation.BookAppointmentTestAnnotation" name="consultDoctor" time="0.001"/>
  <testcase classname="com.qaautomaton.testsuiteannotation.BookAppointmentTestAnnotation" name="consultDoctor" time="0.001"/>
  <testcase classname="com.qaautomaton.testsuiteannotation.BookAppointmentTestAnnotation" name="consultDoctor" time="0.007"/>
  <testcase classname="com.qaautomaton.testsuiteannotation.BookAppointmentTestAnnotation" name="prescribeMedicine" time="0.001"/>
  <testcase classname="com.qaautomaton.testsuiteannotation.BookAppointmentTestAnnotation" name="prescribeMedicine" time="0.000"/>
  <testcase classname="com.qaautomaton.testsuiteannotation.BookAppointmentTestAnnotation" name="prescribeMedicine" time="0.002"/>
  <testcase classname="com.qaautomaton.testsuiteannotation.BookAppointmentTestAnnotation" name="payMedicalBill" time="0.001"/>
  <testcase classname="com.qaautomaton.testsuiteannotation.BookAppointmentTestAnnotation" name="payMedicalBill" time="0.002"/>
  <testcase classname="com.qaautomaton.testsuiteannotation.BookAppointmentTestAnnotation" name="payMedicalBill" time="0.001"/>
  <testcase classname="com.qaautomaton.testsuiteannotation.BookAppointmentTestAnnotation" name="logout" time="0.001"/>
  <testcase classname="com.qaautomaton.testsuiteannotation.BookAppointmentTestAnnotation" name="logout" time="0.001"/>
  <testcase classname="com.qaautomaton.testsuiteannotation.BookAppointmentTestAnnotation" name="logout" time="0.001"/>
</testsuite> <!-- com.qaautomaton.testsuiteannotation.BookAppointmentTestAnnotation -->
