<?xml version="1.0" encoding="UTF-8"?>
<!-- Generated by org.testng.reporters.JUnitReportReporter -->
<testsuite hostname="DESKTOP-02HTNM8" failures="0" tests="5" name="com.qaautomation.registerdemo.RegisterDemoFlow" time="15.168" errors="0" timestamp="2024-02-02T19:42:56 IST" skipped="0">
  <testcase classname="com.qaautomation.registerdemo.RegisterDemoFlow" name="launchApplication" time="7.491"/>
  <testcase classname="com.qaautomation.registerdemo.RegisterDemoFlow" name="navigateToRegisterDemoPage" time="2.437"/>
  <testcase classname="com.qaautomation.registerdemo.RegisterDemoFlow" name="registerDemo" time="5.018"/>
  <testcase classname="com.qaautomation.registerdemo.RegisterDemoFlow" name="validateSuccessfulMessage" time="0.063"/>
  <testcase classname="com.qaautomation.registerdemo.RegisterDemoFlow" name="closeApplication" time="0.159"/>
</testsuite> <!-- com.qaautomation.registerdemo.RegisterDemoFlow -->
